# JRE version: OpenJDK Runtime Environment Temurin-25.0.1+8 (25.0.1+8) (build 25.0.1+8-LTS)
# Java VM: OpenJDK 64-Bit Server VM Temurin-25.0.1+8 (25.0.1+8-LTS, mixed mode, sharing, tiered, compressed oops, compressed class ptrs, g1 gc, windows-amd64)
GC Precious Log:
 CardTable entry size: 512
 Card Set container configuration: InlinePtr #cards 5 size 8 Array Of Cards #cards 10 size 36 Howl #buckets 4 coarsen threshold 1843 Howl Bitmap #cards 512 size 80 coarsen threshold 460 Card regions per heap region 1 cards per card region 2048
 CPUs: 8 total, 8 available
 Memory: 7455M
 Large Page Support: Disabled
 NUMA Support: Disabled
 Compressed Oops: Enabled (32-bit)
 Heap Region Size: 1M
 Heap Min Capacity: 8M
 Heap Initial Capacity: 118M
 Heap Max Capacity: 1864M
 Pre-touch: Disabled
 Parallel Workers: 8
 Concurrent Workers: 2
 Concurrent Refinement Workers: 8
 Periodic GC: Disabled
Heap:
 garbage-first heap   total reserved 1908736K, committed 89088K, used 69267K [0x000000008b800000, 0x0000000100000000)
  region size 1024K, 33 young (33792K), 6 survivors (6144K)
GC Heap Usage History (10 events):
Event: 4.759 {heap Before GC invocations=0 (full 0):
 garbage-first heap   total reserved 1908736K, committed 122880K, used 49299K [0x000000008b800000, 0x0000000100000000)
  region size 1024K, 47 young (48128K), 0 survivors (0K)
}
Event: 4.777 {heap After GC invocations=1 (full 0):
 garbage-first heap   total reserved 1908736K, committed 122880K, used 5779K [0x000000008b800000, 0x0000000100000000)
  region size 1024K, 5 young (5120K), 5 survivors (5120K)
}
Event: 7.989 {heap Before GC invocations=1 (full 0):
 garbage-first heap   total reserved 1908736K, committed 122880K, used 58003K [0x000000008b800000, 0x0000000100000000)
  region size 1024K, 56 young (57344K), 5 survivors (5120K)
}
Event: 8.016 {heap After GC invocations=2 (full 0):
 garbage-first heap   total reserved 1908736K, committed 122880K, used 11955K [0x000000008b800000, 0x0000000100000000)
  region size 1024K, 7 young (7168K), 7 survivors (7168K)
}
Event: 11.119 {heap Before GC invocations=2 (full 0):
 garbage-first heap   total reserved 1908736K, committed 122880K, used 71347K [0x000000008b800000, 0x0000000100000000)
  region size 1024K, 65 young (66560K), 7 survivors (7168K)
}
Event: 11.141 {heap After GC invocations=3 (full 0):
 garbage-first heap   total reserved 1908736K, committed 122880K, used 14995K [0x000000008b800000, 0x0000000100000000)
  region size 1024K, 4 young (4096K), 4 survivors (4096K)
}
Event: 14.108 {heap Before GC invocations=3 (full 0):
 garbage-first heap   total reserved 1908736K, committed 122880K, used 84627K [0x000000008b800000, 0x0000000100000000)
  region size 1024K, 37 young (37888K), 4 survivors (4096K)
}
Event: 14.192 {heap After GC invocations=4 (full 0):
 garbage-first heap   total reserved 1908736K, committed 122880K, used 23699K [0x000000008b800000, 0x0000000100000000)
  region size 1024K, 8 young (8192K), 8 survivors (8192K)
}
Event: 19.002 {heap Before GC invocations=5 (full 0):
 garbage-first heap   total reserved 1908736K, committed 81920K, used 66707K [0x000000008b800000, 0x0000000100000000)
  region size 1024K, 48 young (49152K), 8 survivors (8192K)
}
Event: 19.035 {heap After GC invocations=6 (full 0):
 garbage-first heap   total reserved 1908736K, committed 89088K, used 36499K [0x000000008b800000, 0x0000000100000000)
  region size 1024K, 6 young (6144K), 6 survivors (6144K)
}

